%!Adobe-FontList 1.20
%Locale:0x804

%BeginFont
Handler:DirectoryHandler
FontType:TrueType
FontName:Georgia
FamilyName:Georgia
StyleName:Regular
FullName:Georgia
MenuName:Georgia
StyleBits:0
WritingScript:Roman
OutlineFileName:C:\Users\Ziwei\Desktop\MMA215\POSTER Folder\Document fonts\georgia.ttf
DataFormat:sfntData
hasSVG:no
VariableFontType:NonVariableFont
FileLength:219712
FileModTime:1523489650
WeightClass:400
WidthClass:5
AngleClass:0
NameArray:0,Mac,4,Georgia
NameArray:0,Win,1,Georgia
%EndFont

